<?xml version="1.0" encoding="UTF-8"?>
<!-- Generated by org.testng.reporters.JUnitReportReporter -->
<testsuite hostname="DESKTOP-FDAGO2O" failures="0" tests="3" name="TestRunners.ParallelRunner" time="37.166" errors="0" timestamp="2024-01-07T15:07:09 IST" skipped="0">
  <testcase classname="TestRunners.ParallelRunner" name="runScenario" time="13.783"/>
  <system-out/>
  <testcase classname="TestRunners.ParallelRunner" name="runScenario" time="11.302"/>
  <system-out/>
  <testcase classname="TestRunners.ParallelRunner" name="runScenario" time="12.081"/>
  <system-out/>
</testsuite> <!-- TestRunners.ParallelRunner -->
