<?xml version="1.0" encoding="UTF-8"?>
<!-- Generated by org.testng.reporters.JUnitReportReporter -->
<testsuite hostname="DESKTOP-FDAGO2O" failures="0" tests="1" name="com.qa.util.ReadDataFromExcel" time="1.281" errors="0" timestamp="2024-01-03T17:36:41 IST" skipped="0">
  <testcase classname="com.qa.util.ReadDataFromExcel" name="getData" time="1.281"/>
  <system-out/>
</testsuite> <!-- com.qa.util.ReadDataFromExcel -->
