<?xml version="1.0" encoding="UTF-8"?>
<!-- Generated by org.testng.reporters.JUnitReportReporter -->
<testsuite hostname="DESKTOP-FDAGO2O" failures="0" tests="2" name="TestRunners.ParallelRunner" time="38.189" errors="0" timestamp="2024-02-27T21:05:53 IST" skipped="0">
  <testcase classname="TestRunners.ParallelRunner" name="runScenario" time="18.455"/>
  <system-out/>
  <testcase classname="TestRunners.ParallelRunner" name="runScenario" time="19.734"/>
  <system-out/>
</testsuite> <!-- TestRunners.ParallelRunner -->
