<?xml version="1.0" encoding="UTF-8"?>
<!-- Generated by org.testng.reporters.JUnitReportReporter -->
<testsuite hostname="DESKTOP-FDAGO2O" failures="0" tests="5" name="TestRunners.ParallelRunner" time="98.094" errors="0" timestamp="2024-02-22T13:25:10 IST" skipped="0">
  <testcase classname="TestRunners.ParallelRunner" name="runScenario" time="15.756"/>
  <system-out/>
  <testcase classname="TestRunners.ParallelRunner" name="runScenario" time="17.702"/>
  <system-out/>
  <testcase classname="TestRunners.ParallelRunner" name="runScenario" time="19.309"/>
  <system-out/>
  <testcase classname="TestRunners.ParallelRunner" name="runScenario" time="25.534"/>
  <system-out/>
  <testcase classname="TestRunners.ParallelRunner" name="runScenario" time="19.793"/>
  <system-out/>
</testsuite> <!-- TestRunners.ParallelRunner -->
