<?xml version="1.0" encoding="UTF-8"?>
<!-- Generated by org.testng.reporters.JUnitReportReporter -->
<testsuite hostname="DESKTOP-FDAGO2O" failures="0" tests="1" name="SeleniumPackage.Scenario2" time="17.624" errors="0" timestamp="2024-02-16T12:26:06 IST" skipped="0">
  <testcase classname="SeleniumPackage.Scenario2" name="secondScenario" time="17.624"/>
  <system-out/>
</testsuite> <!-- SeleniumPackage.Scenario2 -->
